<?xml version="1.0" encoding="UTF-8"?>
<!-- Generated by org.testng.reporters.JUnitXMLReporter -->
<testsuite ignored="0" hostname="MOR-ROMANO" failures="0" tests="3" name="Solution" time="16.34" errors="0" timestamp="26 Jan 2023 20:49:44 GMT">
  <testcase classname="tests.Web.SolutionWeb" name="test01_validate_starter_tab" time="0.937"/>
  <testcase classname="tests.Web.SolutionWeb" name="test02_validate_email_tab" time="0.704"/>
  <testcase classname="tests.Web.SolutionWeb" name="test03_validate_protect_tab" time="0.687"/>
</testsuite> <!-- Solution -->
