<?xml version="1.0" encoding="UTF-8"?>
<testsuite xmlns:xsi="http://www.w3.org/2001/XMLSchema-instance" xsi:noNamespaceSchemaLocation="https://maven.apache.org/surefire/maven-surefire-plugin/xsd/surefire-test-report.xsd" name="TestSuite" time="39.543" tests="4" errors="0" skipped="0" failures="0">
  <properties>
[...]
</properties>
  <testcase name="test01_validate_starter_tab" classname="tests.Web.SolutionWeb" time="0.944"/>
  <testcase name="test02_validate_email_tab" classname="tests.Web.SolutionWeb" time="0.711"/>
  <testcase name="test03_validate_protect_tab" classname="tests.Web.SolutionWeb" time="0.696"/>
  <testcase name="test_validate_year" classname="tests.Web.PositionWeb" time="13.41"/>
</testsuite>